<?xml version="1.0" encoding="UTF-8"?>
<testsuite name="model.ServicoContatoImplTest" tests="72" skipped="0" failures="0" errors="0" timestamp="2018-11-20T13:55:38" hostname="Julia-PC" time="5.43">
  <properties/>
  <testcase name="CT74()" classname="model.ServicoContatoImplTest" time="0.037"/>
  <testcase name="CT75()" classname="model.ServicoContatoImplTest" time="0.058"/>
  <testcase name="CT76()" classname="model.ServicoContatoImplTest" time="0.025"/>
  <testcase name="CT77()" classname="model.ServicoContatoImplTest" time="0.044"/>
  <testcase name="CT78()" classname="model.ServicoContatoImplTest" time="0.053"/>
  <testcase name="CT79()" classname="model.ServicoContatoImplTest" time="0.054"/>
  <testcase name="CT80()" classname="model.ServicoContatoImplTest" time="0.055"/>
  <testcase name="CT81()" classname="model.ServicoContatoImplTest" time="0.163"/>
  <testcase name="CT82()" classname="model.ServicoContatoImplTest" time="0.051"/>
  <testcase name="CT83()" classname="model.ServicoContatoImplTest" time="0.053"/>
  <testcase name="CT84()" classname="model.ServicoContatoImplTest" time="0.054"/>
  <testcase name="CT85()" classname="model.ServicoContatoImplTest" time="0.064"/>
  <testcase name="CT86()" classname="model.ServicoContatoImplTest" time="0.064"/>
  <testcase name="CT87()" classname="model.ServicoContatoImplTest" time="0.17"/>
  <testcase name="CT88()" classname="model.ServicoContatoImplTest" time="0.051"/>
  <testcase name="CT89()" classname="model.ServicoContatoImplTest" time="0.05"/>
  <testcase name="CT90()" classname="model.ServicoContatoImplTest" time="0.052"/>
  <testcase name="CT91()" classname="model.ServicoContatoImplTest" time="0.056"/>
  <testcase name="CT92()" classname="model.ServicoContatoImplTest" time="0.055"/>
  <testcase name="CT93()" classname="model.ServicoContatoImplTest" time="0.168"/>
  <testcase name="CT94()" classname="model.ServicoContatoImplTest" time="0.054"/>
  <testcase name="CT95()" classname="model.ServicoContatoImplTest" time="0.054"/>
  <testcase name="CT96()" classname="model.ServicoContatoImplTest" time="0.056"/>
  <testcase name="CT97()" classname="model.ServicoContatoImplTest" time="0.052"/>
  <testcase name="CT98()" classname="model.ServicoContatoImplTest" time="0.066"/>
  <testcase name="CT99()" classname="model.ServicoContatoImplTest" time="0.197"/>
  <testcase name="CT100()" classname="model.ServicoContatoImplTest" time="0.056"/>
  <testcase name="CT101()" classname="model.ServicoContatoImplTest" time="0.055"/>
  <testcase name="CT102()" classname="model.ServicoContatoImplTest" time="0.057"/>
  <testcase name="CT103()" classname="model.ServicoContatoImplTest" time="0.056"/>
  <testcase name="CT104()" classname="model.ServicoContatoImplTest" time="0.055"/>
  <testcase name="CT105()" classname="model.ServicoContatoImplTest" time="0.058"/>
  <testcase name="CT106()" classname="model.ServicoContatoImplTest" time="0.189"/>
  <testcase name="CT107()" classname="model.ServicoContatoImplTest" time="0.067"/>
  <testcase name="CT108()" classname="model.ServicoContatoImplTest" time="0.038"/>
  <testcase name="CT109()" classname="model.ServicoContatoImplTest" time="0.033"/>
  <testcase name="CT110()" classname="model.ServicoContatoImplTest" time="0.035"/>
  <testcase name="CT111()" classname="model.ServicoContatoImplTest" time="0.049"/>
  <testcase name="CT112()" classname="model.ServicoContatoImplTest" time="0.057"/>
  <testcase name="CT113()" classname="model.ServicoContatoImplTest" time="0.056"/>
  <testcase name="CT114()" classname="model.ServicoContatoImplTest" time="0.169"/>
  <testcase name="CT115()" classname="model.ServicoContatoImplTest" time="0.054"/>
  <testcase name="CT116()" classname="model.ServicoContatoImplTest" time="0.056"/>
  <testcase name="CT117()" classname="model.ServicoContatoImplTest" time="0.054"/>
  <testcase name="CT118()" classname="model.ServicoContatoImplTest" time="0.054"/>
  <testcase name="CT119()" classname="model.ServicoContatoImplTest" time="0.067"/>
  <testcase name="CT120()" classname="model.ServicoContatoImplTest" time="0.187"/>
  <testcase name="CT121()" classname="model.ServicoContatoImplTest" time="0.055"/>
  <testcase name="CT122()" classname="model.ServicoContatoImplTest" time="0.054"/>
  <testcase name="CT123()" classname="model.ServicoContatoImplTest" time="0.056"/>
  <testcase name="CT124()" classname="model.ServicoContatoImplTest" time="0.055"/>
  <testcase name="CT125()" classname="model.ServicoContatoImplTest" time="0.055"/>
  <testcase name="CT126()" classname="model.ServicoContatoImplTest" time="0.179"/>
  <testcase name="CT127()" classname="model.ServicoContatoImplTest" time="0.055"/>
  <testcase name="CT128()" classname="model.ServicoContatoImplTest" time="0.053"/>
  <testcase name="CT129()" classname="model.ServicoContatoImplTest" time="0.056"/>
  <testcase name="CT130()" classname="model.ServicoContatoImplTest" time="0.062"/>
  <testcase name="CT131()" classname="model.ServicoContatoImplTest" time="0.058"/>
  <testcase name="CT132()" classname="model.ServicoContatoImplTest" time="0.065"/>
  <testcase name="CT133()" classname="model.ServicoContatoImplTest" time="0.19"/>
  <testcase name="CT134()" classname="model.ServicoContatoImplTest" time="0.056"/>
  <testcase name="CT135()" classname="model.ServicoContatoImplTest" time="0.053"/>
  <testcase name="CT136()" classname="model.ServicoContatoImplTest" time="0.055"/>
  <testcase name="CT137()" classname="model.ServicoContatoImplTest" time="0.054"/>
  <testcase name="CT138()" classname="model.ServicoContatoImplTest" time="0.055"/>
  <testcase name="CT139()" classname="model.ServicoContatoImplTest" time="0.174"/>
  <testcase name="CT140()" classname="model.ServicoContatoImplTest" time="0.065"/>
  <testcase name="CT141()" classname="model.ServicoContatoImplTest" time="0.066"/>
  <testcase name="CT142()" classname="model.ServicoContatoImplTest" time="0.054"/>
  <testcase name="CT143()" classname="model.ServicoContatoImplTest" time="0.262"/>
  <testcase name="CT144()" classname="model.ServicoContatoImplTest" time="0.049"/>
  <testcase name="CT145()" classname="model.ServicoContatoImplTest" time="0.076"/>
  <system-out><![CDATA[]]></system-out>
  <system-err><![CDATA[]]></system-err>
</testsuite>
