<?xml version="1.0" encoding="UTF-8"?>
<testsuite name="model.MockServicoUsuarioImplTest" tests="1" skipped="0" failures="0" errors="0" timestamp="2018-11-20T13:55:45" hostname="Julia-PC" time="0.054">
  <properties/>
  <testcase name="CT155()" classname="model.MockServicoUsuarioImplTest" time="0.054"/>
  <system-out><![CDATA[
IMPORTANT NOTE FROM MOCKITO:

You included the 'mockito-android' dependency in a non-Android environment.
The Android mock maker was disabled. You should only include the latter in your 'androidTestCompile' configuration
If disabling was a mistake, you can set the 'org.mockito.mock.android' property to 'true' to override this detection.

Visit https://javadoc.io/page/org.mockito/mockito-core/latest/org/mockito/Mockito.html#0.1 for more information
]]></system-out>
  <system-err><![CDATA[]]></system-err>
</testsuite>
